Arguments: 
  /home/developer/.nvm/versions/node/v12.22.12/bin/node /home/developer/.yarn/bin/yarn.js add bootstrape

PATH: 
  /home/developer/.rvm/gems/ruby-3.1.2/bin:/home/developer/.rvm/gems/ruby-3.1.2@global/bin:/home/developer/.rvm/rubies/ruby-3.1.2/bin:/home/developer/.rvm/bin:/home/developer/.rbenv/shims:/home/developer/.rbenv/bin:/home/developer/.yarn/bin:/home/developer/.config/yarn/global/node_modules/.bin:/home/developer/.rbenv/shims:/home/developer/.rbenv/bin:/home/developer/.nvm/versions/node/v12.22.12/bin:/home/developer/.yarn/bin:/home/developer/.config/yarn/global/node_modules/.bin:/usr/local/sbin:/usr/local/bin:/usr/sbin:/usr/bin:/sbin:/bin:/usr/games:/usr/local/games:/snap/bin

Yarn version: 
  1.22.19

Node version: 
  12.22.12

Platform: 
  linux x64

Trace: 
  Error: https://registry.yarnpkg.com/bootstrape: Not found
      at Request.params.callback [as _callback] (/home/developer/.yarn/lib/cli.js:66145:18)
      at Request.self.callback (/home/developer/.yarn/lib/cli.js:140890:22)
      at Request.emit (events.js:314:20)
      at Request.<anonymous> (/home/developer/.yarn/lib/cli.js:141862:10)
      at Request.emit (events.js:314:20)
      at IncomingMessage.<anonymous> (/home/developer/.yarn/lib/cli.js:141784:12)
      at Object.onceWrapper (events.js:420:28)
      at IncomingMessage.emit (events.js:326:22)
      at endReadableNT (_stream_readable.js:1241:12)
      at processTicksAndRejections (internal/process/task_queues.js:84:21)

npm manifest: 
  {
    "dependencies": {
      "bootstrap": "^5.2.2",
      "jquery": "^3.6.1"
    }
  }

yarn manifest: 
  No manifest

Lockfile: 
  # THIS IS AN AUTOGENERATED FILE. DO NOT EDIT THIS FILE DIRECTLY.
  # yarn lockfile v1
  
  
  bootstrap@^5.2.2:
    version "5.2.2"
    resolved "https://registry.yarnpkg.com/bootstrap/-/bootstrap-5.2.2.tgz#834e053eed584a65e244d8aa112a6959f56e27a0"
    integrity sha512-dEtzMTV71n6Fhmbg4fYJzQsw1N29hJKO1js5ackCgIpDcGid2ETMGC6zwSYw09v05Y+oRdQ9loC54zB1La3hHQ==
  
  jquery@^3.6.1:
    version "3.6.1"
    resolved "https://registry.yarnpkg.com/jquery/-/jquery-3.6.1.tgz#fab0408f8b45fc19f956205773b62b292c147a16"
    integrity sha512-opJeO4nCucVnsjiXOE+/PcCgYw9Gwpvs/a6B1LL/lQhwWwpbVEVYDZ1FokFr8PRc7ghYlrFPuyHuiiDNTQxmcw==
